2015-01-05 13:23:30-0500 [scrapy] INFO: Scrapy 0.24.4 started (bot: tutorial)
2015-01-05 13:23:30-0500 [scrapy] INFO: Optional features available: ssl, http11, boto
2015-01-05 13:23:30-0500 [scrapy] INFO: Overridden settings: {'NEWSPIDER_MODULE': 'tutorial.spiders', 'FEED_URI': 'kr.json', 'SPIDER_MODULES': ['tutorial.spiders'], 'BOT_NAME': 'tutorial', 'FEED_FORMAT': 'json', 'LOG_FILE': 'scrapy.log'}
2015-01-05 13:23:30-0500 [scrapy] INFO: Enabled extensions: FeedExporter, LogStats, TelnetConsole, CloseSpider, WebService, CoreStats, SpiderState
2015-01-05 13:23:31-0500 [scrapy] INFO: Enabled downloader middlewares: HttpAuthMiddleware, DownloadTimeoutMiddleware, UserAgentMiddleware, RetryMiddleware, DefaultHeadersMiddleware, MetaRefreshMiddleware, HttpCompressionMiddleware, RedirectMiddleware, CookiesMiddleware, ChunkedTransferMiddleware, DownloaderStats
2015-01-05 13:23:31-0500 [scrapy] INFO: Enabled spider middlewares: HttpErrorMiddleware, OffsiteMiddleware, RefererMiddleware, UrlLengthMiddleware, DepthMiddleware
2015-01-05 13:23:31-0500 [scrapy] INFO: Enabled item pipelines: 
2015-01-05 13:23:31-0500 [36kr_spider] INFO: Spider opened
2015-01-05 13:23:31-0500 [36kr_spider] INFO: Crawled 0 pages (at 0 pages/min), scraped 0 items (at 0 items/min)
2015-01-05 13:23:31-0500 [scrapy] DEBUG: Telnet console listening on 127.0.0.1:6023
2015-01-05 13:23:31-0500 [scrapy] DEBUG: Web service listening on 127.0.0.1:6080
2015-01-05 13:23:33-0500 [36kr_spider] DEBUG: Crawled (200) <GET http://www.36kr.com> (referer: None)
2015-01-05 13:23:33-0500 [36kr_spider] DEBUG: Scraped from <200 http://www.36kr.com>
	{'description': [u'\u65b0\u54c1\u63d0\u4f9b\u4e86\u4e09\u79cd\u5957\u88c5\uff0c\u6bcf\u79cd\u5305\u542b2\u4e2a\u914d\u4ef6\uff0c\u4ef7\u683c\u4ece169.99\u7f8e\u91d1\u5230249.99\u7f8e\u91d1\u4e0d\u7b49\u3002'],
	 'title': [u'\u8054\u624b\u65bd\u534e\u6d1b\u4e16\u5947\uff0cMisfit\u53d1\u5e03\u9996\u6b3e\u592a\u9633\u80fd\u53ef\u7a7f\u6234\u8bbe\u5907']}
2015-01-05 13:23:33-0500 [36kr_spider] DEBUG: Scraped from <200 http://www.36kr.com>
	{'description': [u'1\u3001\u4e07\u8fbe\u7535\u5546\u5e73\u53f0\u83b710\u4ebf\u5143A\u8f6e\u6295\u8d44\uff0c\u4f30\u503c200\u4ebf 2\u3001\u5a5a\u5e86O2O\u5e73\u53f0\u5a5a\u8da3\u7f51\u83b7\u4fe1\u5929\u521b\u6295\u6570\u767e\u4e07\u5143Pre-A\u8f6e\u878d\u8d44 3\u3001\u540c\u57ce\u901f\u9012\u5e73\u53f0\u201c\u5feb\u6536\u201d\u83b7\u7b56\u6e90\u521b\u6295300\u4e07\u7f8e\u5143\u5929\u4f7f\u6295\u8d44 4\u3001\u7535\u5b50\u4e66\u8ba2\u9605\u670d\u52a1\u63d0\u4f9b\u5546Scribd\u83b7Khosla Ventures\u9886\u62952200\u4e07\u7f8e\u5143D\u8f6e\u878d\u8d44 5\u3001\u82f1\u56fdP2P\u501f\u8d37Fruitful \u83b7\u5f97500\u4e07\u82f1\u9551A\u8f6e\u6295\u8d44 6\u3001\u5370\u5ea6\u624b\u673a\u5382\u5546Micromax\u62dfIPO\u878d\u8d445\u4ebf\u7f8e\u5143 7\u3001\u521d\u521b\u516c\u53f8Iskn\u83b7Partech Ventures\u9886\u6295200\u4e07\u7f8e\u5143\u79cd\u5b50\u8f6e\u878d\u8d44\r\n\u3002'],
	 'title': [u'36\u6c2a\u6bcf\u65e5\u6295\u878d\u8d44\u7b14\u8bb0\uff081\u67085\u65e5\uff09\uff1a\u4e07\u8fbe\u7535\u5546\u3001\u5a5a\u5e86O2O\u3001\u540c\u57ce\u901f\u9012\u3001\u7535\u5b50\u4e66\u8ba2\u9605\u3001P2P\u501f\u8d37']}
2015-01-05 13:23:33-0500 [36kr_spider] DEBUG: Scraped from <200 http://www.36kr.com>
	{'description': [], 'title': []}
2015-01-05 13:23:33-0500 [36kr_spider] DEBUG: Scraped from <200 http://www.36kr.com>
	{'description': [u'\u80cc\u9760\u91d1\u4e3b\u597d\u5e72\u6d3b\u3002'],
	 'title': [u'\u4e0d\u53ea\u662f\u6052\u6e29\u5668\uff0cNest \u667a\u80fd\u786c\u4ef6\u5e73\u53f0\u65b0\u589e LG\u3001\u98de\u5229\u6d66\u3001Withings \u4e3a\u8054\u76df\u6210\u5458']}
2015-01-05 13:23:33-0500 [36kr_spider] DEBUG: Scraped from <200 http://www.36kr.com>
	{'description': [u'\u5728\u4e0d\u8fdc\u7684\u5c06\u6765\u5728\u7ebfIT\u804c\u4e1a\u6559\u80b2\u6709\u4e0b\u9762\u4e09\u4e2a\u7279\u70b9\uff1a1.\u7f16\u7a0b\u7ec3\u4e60\u4e3a\u4e3b\uff0c\u89c6\u9891\u4e3a\u8f85 2.\u57f9\u8bad\u5468\u671f\u8d8a\u6765\u8d8a\u77ed 3.\u5728\u7ebf\u5f62\u5f0fweb\u4e3a\u4e3b\uff0c\u79fb\u52a8\u4e3a\u8f85\u3002'],
	 'title': [u'\u5728\u7ebfIT\u804c\u4e1a\u6559\u80b2\u7684\u5c06\u6765\uff1a\u5b66\u4e60\u8005\u548c\u57f9\u8bad\u65b9\u5c06\u5982\u4f55\u6f14\u5316\uff1f']}
2015-01-05 13:23:33-0500 [36kr_spider] DEBUG: Scraped from <200 http://www.36kr.com>
	{'description': [u'\u65b0\u5e74\u524d\u540e\u5468\u9e3f\u794e\u8fde\u53d1\u4e09\u5c01\u5185\u90e8\u90ae\u4ef6\uff0c\u8868\u793a\u8981reboot\uff0c\u91cd\u65b0\u521b\u4e1a\uff0c\u53bb\u5357\u65b9\u505a\u624b\u673a\u3002'],
	 'title': [u'\u9f50\u5411\u4e1c\u5ba3\u5e03360\u63a8\u51fa\u72ec\u7acb\u7684\u641c\u7d22\u54c1\u724c\u201c\u597d\u641c\u201d\uff0c\u5468\u9e3f\u794e\u6b63\u5728\u8fdc\u79bb360\u7684\u539f\u6709\u4e1a\u52a1']}
2015-01-05 13:23:33-0500 [36kr_spider] DEBUG: Scraped from <200 http://www.36kr.com>
	{'description': [u'\u5411\u5de6\u8d70\uff0c\u5411\u53f3\u8d70\uff0c\u5f88\u591a\u521b\u4e1a\u516c\u53f8\u5728\u8fd9\u91cc\u9762\u6447\u6446\u3002'],
	 'title': [u'36\u6c2a\u4e13\u8bbf\u4e91\u5bb6\u653f\u859b\u5e05\uff1a\u5de6\u8f6c\u54c1\u724c\uff0c\u53f3\u8f6c\u5e73\u53f0\uff0c\u5bb6\u653f\u884c\u4e1a\u7684O2O\u903b\u8f91']}
2015-01-05 13:23:33-0500 [36kr_spider] DEBUG: Scraped from <200 http://www.36kr.com>
	{'description': [u'\u5fae\u4fe1\u796d\u51fa\u5927\u6740\u5668\uff0c\u52a0\u5f3aO2O\u5e03\u5c40\u3002'],
	 'title': [u'\u5fae\u4fe16.1\u7248\u672c\u6d41\u51fa\uff0c\u53ef\u4ee5\u641c\u7d22\u9644\u8fd1\u9910\u9986\uff0c\u79bb\u201c\u8fde\u63a5\u4e00\u5207\u201d\u66f4\u8fd1\u4e00\u6b65\uff1f']}
2015-01-05 13:23:33-0500 [36kr_spider] DEBUG: Scraped from <200 http://www.36kr.com>
	{'description': [u'\u5531\u7247\u5df2\u6b7b\uff0c\u9ed1\u80f6\u6c38\u5b58\u3002'],
	 'title': [u'\u9ed1\u80f6\u5531\u7247\u53d8\u8eabDJ\u63a7\u5236\u53f0\uff0c\u65b0\u6280\u672f\u91cd\u5851\u4f20\u7edf\u97f3\u4e50\u8f7d\u4f53']}
2015-01-05 13:23:33-0500 [36kr_spider] DEBUG: Scraped from <200 http://www.36kr.com>
	{'description': [u'\u7262\u7262\u63e1\u4f4f\u75c5\u4eba\u4fe1\u606f\u548c\u5904\u65b9\uff0c\u63d0\u9ad8\u7528\u6237\u4f53\u9a8c\u548c\u5de5\u4f5c\u6548\u7387\u3002'],
	 'title': [u'\u79fb\u52a8\u533b\u7597\u9762\u524d\uff0c\u4f60\u4ee5\u4e3a\u533b\u9662\u8fd8\u6ca1\u6709\u884c\u52a8\uff1fSo Wrong\uff01']}
2015-01-05 13:23:33-0500 [36kr_spider] DEBUG: Scraped from <200 http://www.36kr.com>
	{'description': [u'\u5230\u73b0\u5728\u4e3a\u6b62\uff0c\u4e92\u8054\u7f51\u7684\u57fa\u7840\u67b6\u6784\u662f\u51b0\u51b7\u800c\u7406\u6027\u7684\uff0c\u5149\u7f06\u3001\u6570\u636e\u3001\u901a\u4fe1\u548c01\u5c31\u662f\u4e00\u5207\u3002'],
	 'title': [u'\u60c5\u7eea\u4f1a\u6210\u4e3a\u672a\u6765\u4e92\u8054\u7f51\u7684\u91cd\u8981\u5143\u7d20\u4e48\uff1f']}
2015-01-05 13:23:33-0500 [36kr_spider] DEBUG: Scraped from <200 http://www.36kr.com>
	{'description': [u'\u53cd\u6b63\u6211\u662f\u5728\u51b0\u7bb1\u91cc\u53d1\u73b0\u624b\u673a\uff0c\u5728\u5305\u91cc\u53d1\u73b0\u7a7a\u8c03\u9065\u63a7\u5668\u3002'],
	 'title': [u'\u3010KrTV\u89c6\u9891\u3011\u518d\u4e5f\u4e0d\u628a\u7a7a\u8c03\u9065\u63a7\u5668\u5f53\u624b\u673a\u5e26\u8d70\uff0cSPIN\u5c06\u5bb6\u7535\u63a7\u5236\u7edf\u7edf\u627f\u5305']}
2015-01-05 13:23:33-0500 [36kr_spider] DEBUG: Scraped from <200 http://www.36kr.com>
	{'description': [u'\u53ef\u7a7f\u6234\u3001\u73b0\u5b9e\u589e\u5f3a\u3001\u667a\u80fd\u5bb6\u5c45\u3001\u624b\u673a\u7535\u8111\uff0c\u5927\u6ce2\u65b0\u54c1\u5373\u5c06\u5230\u6765\uff0c\u4e0d\u8fc7\u6ca1\u6709\u82f9\u679c\uff0c\u5475\u5475\u3002'],
	 'title': [u'CES 2015 \u79d1\u6280\u65b0\u54c1\u524d\u77bb\u89c6\u9891\u62a5\u9053\u7cbe\u9009']}
2015-01-05 13:23:33-0500 [36kr_spider] DEBUG: Scraped from <200 http://www.36kr.com>
	{'description': [u'\u8fd9\u4e5f\u662f\u7ee7\u300a\u5341\u4e07\u4e2a\u51b7\u7b11\u8bdd\u300b\u4e4b\u540e\u84dd\u6e2f\u62ff\u4e0b\u7684\u7b2c\u4e8c\u90e8\u5f71\u89c6IP\u3002'],
	 'title': [u'\u5f71\u89c6IP\u505a\u624b\u6e38\u66f4\u7701\u529b\uff0c\u84dd\u6e2f\u4e92\u52a8\u4e0e\u5927\u578b\u5386\u53f2\u5267\u300a\u8288\u6708\u4f20\u300b\u8fbe\u6210\u624b\u6e38\u5f00\u53d1\u72ec\u5bb6\u5408\u4f5c']}
2015-01-05 13:23:33-0500 [36kr_spider] DEBUG: Scraped from <200 http://www.36kr.com>
	{'description': [u'\u4eba\u7684\u601d\u60f3\u5c31\u50cf\u4e00\u4e2a\u7f16\u8bd1\u8fc7\u7684\u7a0b\u5e8f\uff0c\u6e90\u4ee3\u7801\u6216\u8bb8\u627e\u4e0d\u5230\u4e86\uff0c\u5b83\u4eec\u9ed8\u9ed8\u7684\u53d1\u6325\u7740\u4f5c\u7528\uff0c\u53ef\u4f60\u5374\u4e0d\u77e5\u9053\u4e3a\u4ec0\u4e48\u3002'],
	 'title': [u'\u5982\u679c\u4eba\u7684\u601d\u60f3\u662f\u7a0b\u5e8f\uff0c\u9605\u8bfb\u548c\u7ecf\u5386\u5c31\u662f\u6e90\u4ee3\u7801']}
2015-01-05 13:23:33-0500 [36kr_spider] DEBUG: Scraped from <200 http://www.36kr.com>
	{'description': [u'\u5927\u591a\u6570\u4eba\u5176\u5b9e\u5e76\u6ca1\u6709\u5931\u8d25\u2014\u4e0d\u505a\u5c31\u4e0d\u4f1a\u5931\u8d25\u3002'],
	 'title': [u'\u4e3a\u4ec0\u4e48\u4f60\u8bfb\u4e861000\u7bc7\u6709\u5173\u5982\u4f55\u6539\u53d8\u7684\u6587\u7ae0\u5374\u4ece\u672a\u6539\u53d8\uff1f']}
2015-01-05 13:23:33-0500 [36kr_spider] DEBUG: Scraped from <200 http://www.36kr.com>
	{'description': [u'\u521b\u610f\u7535\u5546 Fab CEO \u517c Twitter \u80a1\u4e1c Jason Goldberg \u53d1\u5e03\u63a8\u6587\u5411 Twitter \u53d1\u96be\uff0c\u79f0 Twitter \u5df2\u7ecf\u8ff7\u5931\u4e86\u65b9\u5411\uff0c"Tweetstorms" \u5c31\u662f\u5176\u96c6\u4e2d\u4f53\u73b0\u3002'],
	 'title': [u'Twitter\u80a1\u4e1c\u70ae\u8f70Twitter\u201c\u8ff7\u5931\u4e86\u65b9\u5411\u201d\uff0c\u4e0d\u5e94\u4ece\u7528\u6237\u8eab\u4e0a\u69a8\u53d6\u5e7f\u544a\u6536\u5165']}
2015-01-05 13:23:33-0500 [36kr_spider] DEBUG: Scraped from <200 http://www.36kr.com>
	{'description': [], 'title': []}
2015-01-05 13:23:33-0500 [36kr_spider] DEBUG: Scraped from <200 http://www.36kr.com>
	{'description': [u'\u966a\u624b\u673a\u8bfb\u4e66\u7684\u667a\u80fd\u624b\u73af\u3001\u667a\u80fd\u624b\u8868\uff0c\u4f60\u4eec\u8fd8\u597d\u4e48\u3002'],
	 'title': [u'\u5728\u5934\u6234\u5f0f\u8bbe\u5907\u98a0\u8986\u4e00\u5207\u4e4b\u524d\uff0c\u6240\u6709\u7684\u53ef\u7a7f\u6234\u8bbe\u5907\u90fd\u5728\u966a\u624b\u673a\u8bfb\u4e66']}
2015-01-05 13:23:33-0500 [36kr_spider] DEBUG: Scraped from <200 http://www.36kr.com>
	{'description': [u'\u5f536\u4ebf\u7f51\u6c11\u6df1\u5ea6\u7528\u8d77\u667a\u80fd\u79fb\u52a8\u8bbe\u5907\uff0c90\u540e\u7f51\u6c11\u7684\u65f6\u95f4\u548c\u4eba\u53e3\u7ea2\u5229\u653e\u91cf\u4e0a\u6da8\u540e\uff0c\u4ec0\u4e48\u6837\u7684\u5185\u5bb9\u516c\u53f8\u5c06\u4e58\u98ce\u8fdc\u822a\uff0c\u542c\u542c\u89c1\u8bc1\u4e86\u300a\u5341\u4e07\u4e2a\u51b7\u7b11\u8bdd\u300b\u7684\u6295\u8d44\u4eba\u600e\u4e48\u8bf4\u3002'],
	 'title': [u'\u65b0\u5185\u5bb9\u6295\u8d44\u201c\u4e94\u80dc\u4e94\u8d25\u201d\u8bba']}
2015-01-05 13:23:33-0500 [36kr_spider] DEBUG: Scraped from <200 http://www.36kr.com>
	{'description': [u'\u8c01\u662f\u79fb\u52a8\u5065\u5eb7\u533b\u7597\u7684\u5b89\u5168\u536b\u58eb\u3002'],
	 'title': [u'\u56fd\u9645\u6570\u636e\u4e2d\u5fc32015HealthIT\u9884\u6d4b\uff1a\u73b0\u5728\u62fc\u7684\u662f\u4ea7\u54c1\u4f53\u9a8c\uff0c2018\u5e74\u62fc\u7684\u662f\u6570\u636e\u5b89\u5168']}
2015-01-05 13:23:33-0500 [36kr_spider] DEBUG: Scraped from <200 http://www.36kr.com>
	{'description': [u'\u9ad8\u51b7\u7684DJI\u8981\u63a5\u5730\u6c14\u3002'],
	 'title': [u'\u9ad8\u51b7DJI \u5c55\u793a\u63a5\u5730\u6c14\u7684\u624b\u67c4\u4e91\u53f0\uff0c\u5988\u5988\u518d\u4e5f\u4e0d\u7528\u62c5\u5fc3\u6211\u62cd\u7167\u624b\u6296\u4e86']}
2015-01-05 13:23:33-0500 [36kr_spider] DEBUG: Scraped from <200 http://www.36kr.com>
	{'description': [u'\u901a\u4fe1\u884c\u4e1a\u7684\u53d1\u5c55\u8981\u7ecf\u5386\u8bed\u97f3\u66f2\u7ebf\u3001\u6d41\u91cf\u66f2\u7ebf\u3001\u6570\u5b57\u5316\u670d\u52a1\u66f2\u7ebf\uff0c\u7b2c\u4e09\u90e8\u5206\u66f2\u7ebf\u8d70\u5b8c\uff0c\u8fd0\u8425\u5546\u8fd8\u662f\u8fd0\u8425\u5546\u5417\u3002'],
	 'title': [u'\u201c\u7f51\u7edc\u4e2d\u7acb\u201d\u5c06\u57282\u6708\u4efd\u5c18\u57c3\u843d\u5b9a\uff0c\u8fd0\u8425\u5546\u548c\u4e92\u8054\u7f51\u516c\u53f8\u7684\u6700\u540e\u4e00\u6b21\u8f83\u91cf']}
2015-01-05 13:23:33-0500 [36kr_spider] DEBUG: Scraped from <200 http://www.36kr.com>
	{'description': [u'$99\uff0c\u4e70\u4e0d\u4e86\u5403\u4e8f\u4e70\u4e0d\u4e86\u4e0a\u5f53\u3002'],
	 'title': [u'\u552e\u4ef7\u4f4e+\u81ea\u7ec4\u88c5+\u6613\u642c\u8d70\uff0c\u667a\u80fd\u5bb6\u5c45\u5957\u88c5Linkio\u8981\u8ba9\u4f20\u7edf\u5bb6\u7535\u53d8\u667a\u80fd']}
2015-01-05 13:23:33-0500 [36kr_spider] DEBUG: Scraped from <200 http://www.36kr.com>
	{'description': [u'\u662f\u7684\uff0c\u53ef\u7a7f\u6234\u8bbe\u5907\u5df2\u8986\u76d6\u5230\u72d7\u72d7\u8eab\u4e0a\u3002'],
	 'title': [u'\u3010KrTV\u89c6\u9891\u3011\u60f3\u4f60\u7684\u72d7\u72d7\u4e86\uff0c\u667a\u80fd\u9879\u5708W\xdcF\u8ba9\u4f60\u968f\u65f6\u8ddf\u5b83\u8bf4\u8bdd']}
2015-01-05 13:23:33-0500 [36kr_spider] DEBUG: Scraped from <200 http://www.36kr.com>
	{'description': [u'\u201c\u79d8\u5bc6\u8c08\u201d\u672a\u6765\u7684\u53d1\u5c55\u65b9\u5411\u662f\u9488\u5bf9\u5546\u7528\u548c\u5c0f\u578b\u8ba8\u8bba\u7684\u5e73\u53f0\uff0c\u53ef\u7528\u4e8e\u4f01\u4e1a\u7b56\u5212\uff0c\u9879\u76ee\u7ba1\u7406\u7b49\u8303\u7574\u3002'],
	 'title': [u'\u62ff\u5fae\u4fe1\u4f20\u5546\u4e1a\u673a\u5bc6\u4f60\u653e\u5fc3\u4e48\uff1f\u201c\u79d8\u5bc6\u8c08\u201d\u4e3b\u6253\u4fe1\u606f\u52a0\u5bc6+\u9605\u540e\u5373\u711a']}
2015-01-05 13:23:33-0500 [36kr_spider] DEBUG: Scraped from <200 http://www.36kr.com>
	{'description': [u'\u6700\u8fd1\u5728\u8be5\u9886\u57df\u9891\u73b0\u7684\u5927\u73a9\u5bb6\u548c\u878d\u8d44\u6d88\u606f\u4e5f\u662f\u5e02\u573a\u6b63\u5728\u9010\u6e10\u83b7\u5f97\u91cd\u89c6\u7684\u4e50\u89c2\u4fe1\u53f7\u3002'],
	 'title': [u'\u597d\u8f66\u65e0\u5fe7\uff0c\u4e8c\u624b\u8f66C2C\u6a21\u5f0f\u7684\u53c8\u4e00\u4e2a\u9a8c\u8bc1\u8005']}
2015-01-05 13:23:33-0500 [36kr_spider] DEBUG: Scraped from <200 http://www.36kr.com>
	{'description': [u'how are you, how old are you\uff08\u600e\u4e48\u662f\u4f60\uff0c\u600e\u4e48\u8001\u662f\u4f60\uff09\u3002'],
	 'title': [u'\u7b2c\u56db\u6b21CES\u4e4b\u65c5\uff0c\u8d1d\u5c14\u91d1WeMo\u5e26\u6765\u4e86\u66f4\u591a\u7684\u5c0f\u5144\u5f1f']}
2015-01-05 13:23:33-0500 [36kr_spider] DEBUG: Scraped from <200 http://www.36kr.com>
	{'description': [u'\u4e13\u4e1a\u7684\u8bbe\u5907\uff0c\u8fd8\u662f\u653e\u5728\u4e13\u4e1a\u573a\u666f\u5408\u9002\u3002'],
	 'title': [u'Google Glass \u79bb\u6210\u529f\u8fd8\u5f88\u8fdc \uff0c\u667a\u80fd\u773c\u955c\u9886\u57df\u5c31\u53c8\u591a\u4e86\u4e24\u4e2a\u91cd\u78c5\u73a9\u5bb6']}
2015-01-05 13:23:33-0500 [36kr_spider] DEBUG: Scraped from <200 http://www.36kr.com>
	{'description': [u'\u5c31\u4e00\u4e2a\u5b57\uff0c\u8584\u8584\u8584....\u3002'],
	 'title': [u'\u4f53\u6e29\u8ba1\u80fd\u591f\u6709\u591a\u8f7b\u8584\uff0cTempTraq\u544a\u8bc9\u4f60...']}
2015-01-05 13:23:33-0500 [36kr_spider] INFO: Closing spider (finished)
2015-01-05 13:23:33-0500 [36kr_spider] INFO: Stored json feed (30 items) in: kr.json
2015-01-05 13:23:33-0500 [36kr_spider] INFO: Dumping Scrapy stats:
	{'downloader/request_bytes': 211,
	 'downloader/request_count': 1,
	 'downloader/request_method_count/GET': 1,
	 'downloader/response_bytes': 18770,
	 'downloader/response_count': 1,
	 'downloader/response_status_count/200': 1,
	 'finish_reason': 'finished',
	 'finish_time': datetime.datetime(2015, 1, 5, 18, 23, 33, 84696),
	 'item_scraped_count': 30,
	 'log_count/DEBUG': 33,
	 'log_count/INFO': 8,
	 'response_received_count': 1,
	 'scheduler/dequeued': 1,
	 'scheduler/dequeued/memory': 1,
	 'scheduler/enqueued': 1,
	 'scheduler/enqueued/memory': 1,
	 'start_time': datetime.datetime(2015, 1, 5, 18, 23, 31, 554428)}
2015-01-05 13:23:33-0500 [36kr_spider] INFO: Spider closed (finished)
2015-01-05 13:24:19-0500 [scrapy] INFO: Scrapy 0.24.4 started (bot: tutorial)
2015-01-05 13:24:19-0500 [scrapy] INFO: Optional features available: ssl, http11, boto
2015-01-05 13:24:19-0500 [scrapy] INFO: Overridden settings: {'NEWSPIDER_MODULE': 'tutorial.spiders', 'FEED_URI': 'kr.json', 'SPIDER_MODULES': ['tutorial.spiders'], 'BOT_NAME': 'tutorial', 'FEED_FORMAT': 'json', 'LOG_FILE': 'scrapy.log'}
2015-01-05 13:24:19-0500 [scrapy] INFO: Enabled extensions: FeedExporter, LogStats, TelnetConsole, CloseSpider, WebService, CoreStats, SpiderState
2015-01-05 13:24:21-0500 [scrapy] INFO: Enabled downloader middlewares: HttpAuthMiddleware, DownloadTimeoutMiddleware, UserAgentMiddleware, RetryMiddleware, DefaultHeadersMiddleware, MetaRefreshMiddleware, HttpCompressionMiddleware, RedirectMiddleware, CookiesMiddleware, ChunkedTransferMiddleware, DownloaderStats
2015-01-05 13:24:21-0500 [scrapy] INFO: Enabled spider middlewares: HttpErrorMiddleware, OffsiteMiddleware, RefererMiddleware, UrlLengthMiddleware, DepthMiddleware
2015-01-05 13:24:39-0500 [scrapy] INFO: Scrapy 0.24.4 started (bot: tutorial)
2015-01-05 13:24:39-0500 [scrapy] INFO: Optional features available: ssl, http11, boto
2015-01-05 13:24:39-0500 [scrapy] INFO: Overridden settings: {'NEWSPIDER_MODULE': 'tutorial.spiders', 'FEED_URI': 'kr.json', 'SPIDER_MODULES': ['tutorial.spiders'], 'BOT_NAME': 'tutorial', 'FEED_FORMAT': 'json', 'LOG_FILE': 'scrapy.log'}
2015-01-05 13:24:39-0500 [scrapy] INFO: Enabled extensions: FeedExporter, LogStats, TelnetConsole, CloseSpider, WebService, CoreStats, SpiderState
2015-01-05 13:24:40-0500 [scrapy] INFO: Enabled downloader middlewares: HttpAuthMiddleware, DownloadTimeoutMiddleware, UserAgentMiddleware, RetryMiddleware, DefaultHeadersMiddleware, MetaRefreshMiddleware, HttpCompressionMiddleware, RedirectMiddleware, CookiesMiddleware, ChunkedTransferMiddleware, DownloaderStats
2015-01-05 13:24:40-0500 [scrapy] INFO: Enabled spider middlewares: HttpErrorMiddleware, OffsiteMiddleware, RefererMiddleware, UrlLengthMiddleware, DepthMiddleware
2015-01-05 13:25:28-0500 [scrapy] INFO: Scrapy 0.24.4 started (bot: tutorial)
2015-01-05 13:25:28-0500 [scrapy] INFO: Optional features available: ssl, http11, boto
2015-01-05 13:25:28-0500 [scrapy] INFO: Overridden settings: {'NEWSPIDER_MODULE': 'tutorial.spiders', 'FEED_URI': 'kr.json', 'SPIDER_MODULES': ['tutorial.spiders'], 'BOT_NAME': 'tutorial', 'FEED_FORMAT': 'json', 'LOG_FILE': 'scrapy.log'}
2015-01-05 13:26:12-0500 [scrapy] INFO: Scrapy 0.24.4 started (bot: tutorial)
2015-01-05 13:26:12-0500 [scrapy] INFO: Optional features available: ssl, http11, boto
2015-01-05 13:26:12-0500 [scrapy] INFO: Overridden settings: {'NEWSPIDER_MODULE': 'tutorial.spiders', 'FEED_URI': 'kr.json', 'SPIDER_MODULES': ['tutorial.spiders'], 'BOT_NAME': 'tutorial', 'FEED_FORMAT': 'json', 'LOG_FILE': 'scrapy.log'}
2015-01-05 13:26:12-0500 [scrapy] INFO: Enabled extensions: FeedExporter, LogStats, TelnetConsole, CloseSpider, WebService, CoreStats, SpiderState
2015-01-05 13:26:13-0500 [scrapy] INFO: Enabled downloader middlewares: HttpAuthMiddleware, DownloadTimeoutMiddleware, UserAgentMiddleware, RetryMiddleware, DefaultHeadersMiddleware, MetaRefreshMiddleware, HttpCompressionMiddleware, RedirectMiddleware, CookiesMiddleware, ChunkedTransferMiddleware, DownloaderStats
2015-01-05 13:26:13-0500 [scrapy] INFO: Enabled spider middlewares: HttpErrorMiddleware, OffsiteMiddleware, RefererMiddleware, UrlLengthMiddleware, DepthMiddleware
